{"name": "test_products_group", "status": "skipped", "statusDetails": {"message": "XFAIL Wait for fix bug\n\nselenium.common.exceptions.ElementClickInterceptedException: Message: element click intercepted: Element <a href=\"https://testqastudio.me?products_group=sale\" class=\"tab-sale \">...</a> is not clickable at point (900, 748). Other element would receive the click: <div class=\"catalog-toolbar-tabs__content\">...</div>\n  (Session info: chrome=119.0.6045.160)\nStacktrace:\n\tGetHandleVerifier [0x00007FF7EC4482B2+55298]\n\t(No symbol) [0x00007FF7EC3B5E02]\n\t(No symbol) [0x00007FF7EC2705AB]\n\t(No symbol) [0x00007FF7EC2B7A77]\n\t(No symbol) [0x00007FF7EC2B5E39]\n\t(No symbol) [0x00007FF7EC2B3C08]\n\t(No symbol) [0x00007FF7EC2B2C8A]\n\t(No symbol) [0x00007FF7EC2A87BF]\n\t(No symbol) [0x00007FF7EC2D20AA]\n\t(No symbol) [0x00007FF7EC2A80CF]\n\t(No symbol) [0x00007FF7EC2D22C0]\n\t(No symbol) [0x00007FF7EC2EAAA4]\n\t(No symbol) [0x00007FF7EC2D1E83]\n\t(No symbol) [0x00007FF7EC2A670A]\n\t(No symbol) [0x00007FF7EC2A7964]\n\tGetHandleVerifier [0x00007FF7EC7C0AAB+3694587]\n\tGetHandleVerifier [0x00007FF7EC81728E+4048862]\n\tGetHandleVerifier [0x00007FF7EC80F173+4015811]\n\tGetHandleVerifier [0x00007FF7EC4E47D6+695590]\n\t(No symbol) [0x00007FF7EC3C0CE8]\n\t(No symbol) [0x00007FF7EC3BCF34]\n\t(No symbol) [0x00007FF7EC3BD062]\n\t(No symbol) [0x00007FF7EC3AD3A3]\n\tBaseThreadInitThunk [0x00007FFFEE307344+20]\n\tRtlUserThreadStart [0x00007FFFEE4426B1+33]", "trace": "tests\\test_shop.py:48: in test_products_group\n    element.click()\n        browser    = <selenium.webdriver.chrome.webdriver.WebDriver (session=\"bb93f7fdb1effafdb78e633cfd34c93d\")>\n        element    = <selenium.webdriver.remote.webelement.WebElement (session=\"bb93f7fdb1effafdb78e633cfd34c93d\", element=\"01A6DC271C2B1A11A4BDC9385976E86D_element_244\")>\n        elements   = [<selenium.webdriver.remote.webelement.WebElement (session=\"bb93f7fdb1effafdb78e633cfd34c93d\", element=\"24E6845FCA7FC2...lement.WebElement (session=\"bb93f7fdb1effafdb78e633cfd34c93d\", element=\"24E6845FCA7FC2DB1F381CB44EEA0FC5_element_98\")>]\n        expected_menu = [('Все', '', \"[class='tab-all active']\"), ('Бестселлеры', '/?products_group=best_sellers', \"[class='tab-best_sellers '... '/?products_group=new', \"[class='tab-new ']\"), ('Распродажа товаров', '/?products_group=sale', \"[class='tab-sale ']\")]\n        item       = ('Распродажа товаров', '/?products_group=sale', \"[class='tab-sale ']\")\n        menu_element = \"[class='catalog-toolbar-tabs__content'] a\"\n..\\..\\..\\..\\AppData\\Local\\Programs\\Python\\Python312\\Lib\\site-packages\\selenium\\webdriver\\remote\\webelement.py:93: in click\n    self._execute(Command.CLICK_ELEMENT)\n        self       = <selenium.webdriver.remote.webelement.WebElement (session=\"bb93f7fdb1effafdb78e633cfd34c93d\", element=\"01A6DC271C2B1A11A4BDC9385976E86D_element_244\")>\n..\\..\\..\\..\\AppData\\Local\\Programs\\Python\\Python312\\Lib\\site-packages\\selenium\\webdriver\\remote\\webelement.py:394: in _execute\n    return self._parent.execute(command, params)\n        command    = 'clickElement'\n        params     = {'id': '01A6DC271C2B1A11A4BDC9385976E86D_element_244'}\n        self       = <selenium.webdriver.remote.webelement.WebElement (session=\"bb93f7fdb1effafdb78e633cfd34c93d\", element=\"01A6DC271C2B1A11A4BDC9385976E86D_element_244\")>\n..\\..\\..\\..\\AppData\\Local\\Programs\\Python\\Python312\\Lib\\site-packages\\selenium\\webdriver\\remote\\webdriver.py:347: in execute\n    self.error_handler.check_response(response)\n        driver_command = 'clickElement'\n        params     = {}\n        response   = {'status': 400, 'value': '{\"value\":{\"error\":\"element click intercepted\",\"message\":\"element click intercepted: Element ...07FF7EC3AD3A3]\\\\n\\\\tBaseThreadInitThunk [0x00007FFFEE307344+20]\\\\n\\\\tRtlUserThreadStart [0x00007FFFEE4426B1+33]\\\\n\"}}'}\n        self       = <selenium.webdriver.chrome.webdriver.WebDriver (session=\"bb93f7fdb1effafdb78e633cfd34c93d\")>\n..\\..\\..\\..\\AppData\\Local\\Programs\\Python\\Python312\\Lib\\site-packages\\selenium\\webdriver\\remote\\errorhandler.py:229: in check_response\n    raise exception_class(message, screen, stacktrace)\nE   selenium.common.exceptions.ElementClickInterceptedException: Message: element click intercepted: Element <a href=\"https://testqastudio.me?products_group=sale\" class=\"tab-sale \">...</a> is not clickable at point (900, 748). Other element would receive the click: <div class=\"catalog-toolbar-tabs__content\">...</div>\nE     (Session info: chrome=119.0.6045.160)\nE   Stacktrace:\nE   \tGetHandleVerifier [0x00007FF7EC4482B2+55298]\nE   \t(No symbol) [0x00007FF7EC3B5E02]\nE   \t(No symbol) [0x00007FF7EC2705AB]\nE   \t(No symbol) [0x00007FF7EC2B7A77]\nE   \t(No symbol) [0x00007FF7EC2B5E39]\nE   \t(No symbol) [0x00007FF7EC2B3C08]\nE   \t(No symbol) [0x00007FF7EC2B2C8A]\nE   \t(No symbol) [0x00007FF7EC2A87BF]\nE   \t(No symbol) [0x00007FF7EC2D20AA]\nE   \t(No symbol) [0x00007FF7EC2A80CF]\nE   \t(No symbol) [0x00007FF7EC2D22C0]\nE   \t(No symbol) [0x00007FF7EC2EAAA4]\nE   \t(No symbol) [0x00007FF7EC2D1E83]\nE   \t(No symbol) [0x00007FF7EC2A670A]\nE   \t(No symbol) [0x00007FF7EC2A7964]\nE   \tGetHandleVerifier [0x00007FF7EC7C0AAB+3694587]\nE   \tGetHandleVerifier [0x00007FF7EC81728E+4048862]\nE   \tGetHandleVerifier [0x00007FF7EC80F173+4015811]\nE   \tGetHandleVerifier [0x00007FF7EC4E47D6+695590]\nE   \t(No symbol) [0x00007FF7EC3C0CE8]\nE   \t(No symbol) [0x00007FF7EC3BCF34]\nE   \t(No symbol) [0x00007FF7EC3BD062]\nE   \t(No symbol) [0x00007FF7EC3AD3A3]\nE   \tBaseThreadInitThunk [0x00007FFFEE307344+20]\nE   \tRtlUserThreadStart [0x00007FFFEE4426B1+33]\n        e          = <selenium.webdriver.remote.errorhandler.ErrorCode object at 0x0000015CD8D9A210>\n        error_code = 'ELEMENT_CLICK_INTERCEPTED'\n        error_codes = ['ELEMENT_CLICK_INTERCEPTED', 'ELEMENT_IS_NOT_SELECTABLE', 'ELEMENT_NOT_INTERACTABLE', 'ELEMENT_NOT_VISIBLE', 'IME_ENGINE_ACTIVATION_FAILED', 'IME_NOT_AVAILABLE', ...]\n        error_info = [64, 'element click intercepted']\n        exception_class = <class 'selenium.common.exceptions.ElementClickInterceptedException'>\n        json       = <module 'json' from 'C:\\\\Users\\\\maxim\\\\AppData\\\\Local\\\\Programs\\\\Python\\\\Python312\\\\Lib\\\\json\\\\__init__.py'>\n        message    = 'element click intercepted: Element <a href=\"https://testqastudio.me?products_group=sale\" class=\"tab-sale \">...</a> is...would receive the click: <div class=\"catalog-toolbar-tabs__content\">...</div>\\n  (Session info: chrome=119.0.6045.160)'\n        response   = {'status': 400, 'value': '{\"value\":{\"error\":\"element click intercepted\",\"message\":\"element click intercepted: Element ...07FF7EC3AD3A3]\\\\n\\\\tBaseThreadInitThunk [0x00007FFFEE307344+20]\\\\n\\\\tRtlUserThreadStart [0x00007FFFEE4426B1+33]\\\\n\"}}'}\n        screen     = None\n        self       = <selenium.webdriver.remote.errorhandler.ErrorHandler object at 0x0000015CD8D98BC0>\n        st_value   = '\\tGetHandleVerifier [0x00007FF7EC4482B2+55298]\\n\\t(No symbol) [0x00007FF7EC3B5E02]\\n\\t(No symbol) [0x00007FF7EC2705AB...l) [0x00007FF7EC3AD3A3]\\n\\tBaseThreadInitThunk [0x00007FFFEE307344+20]\\n\\tRtlUserThreadStart [0x00007FFFEE4426B1+33]\\n'\n        stacktrace = ['\\tGetHandleVerifier [0x00007FF7EC4482B2+55298]', '\\t(No symbol) [0x00007FF7EC3B5E02]', '\\t(No symbol) [0x00007FF7EC2... '\\t(No symbol) [0x00007FF7EC2B7A77]', '\\t(No symbol) [0x00007FF7EC2B5E39]', '\\t(No symbol) [0x00007FF7EC2B3C08]', ...]\n        status     = 'element click intercepted'\n        value      = {'error': 'element click intercepted', 'message': 'element click intercepted: Element <a href=\"https://testqastudio.me...) [0x00007FF7EC3AD3A3]\\n\\tBaseThreadInitThunk [0x00007FFFEE307344+20]\\n\\tRtlUserThreadStart [0x00007FFFEE4426B1+33]\\n'}\n        value_json = '{\"value\":{\"error\":\"element click intercepted\",\"message\":\"element click intercepted: Element \\\\u003Ca href=\\\\\"https://...007FF7EC3AD3A3]\\\\n\\\\tBaseThreadInitThunk [0x00007FFFEE307344+20]\\\\n\\\\tRtlUserThreadStart [0x00007FFFEE4426B1+33]\\\\n\"}}'"}, "description": "\n    Test case TC-2\n    ", "start": 1701019431201, "stop": 1701019439229, "uuid": "30667275-b493-4d86-9a4f-45b3472f1bc6", "historyId": "4fdd6adba16e950b161eae73ef4ccb14", "testCaseId": "4fdd6adba16e950b161eae73ef4ccb14", "fullName": "tests.test_shop#test_products_group", "labels": [{"name": "tag", "value": "@pytest.mark.xfail(reason='Wait for fix bug')"}, {"name": "parentSuite", "value": "tests"}, {"name": "suite", "value": "test_shop"}, {"name": "host", "value": "DESKTOP-NID1J5E"}, {"name": "thread", "value": "10460-MainThread"}, {"name": "framework", "value": "pytest"}, {"name": "language", "value": "cpython3"}, {"name": "package", "value": "tests.test_shop"}]}